C51 COMPILER V9.59.0.0   CONFIG                                                            12/08/2022 22:38:43 PAGE 1   


C51 COMPILER V9.59.0.0, COMPILATION OF MODULE CONFIG
OBJECT MODULE PLACED IN .\Objects\config.obj
COMPILER INVOKED BY: C:\Keil_v5\C51\BIN\C51.EXE config.c OPTIMIZE(8,SPEED) BROWSE INCDIR(C:\SiLabs\MCU\INC) DEBUG OBJECT
                    -EXTEND PRINT(.\Listings\config.lst) TABS(2) OBJECT(.\Objects\config.obj)

line level    source

   1          /////////////////////////////////////
   2          //  Generated Initialization File  //
   3          /////////////////////////////////////
   4          
   5          #include "si_toolchain.h"
   6          #include "C8051F410_defs.h"
   7          
   8          // Peripheral specific initialization functions,
   9          // Called from the Init_Device() function
  10          void PCA_Init()
  11          {
  12   1          PCA0MD    &= ~0x40;
  13   1          PCA0MD    = 0x00;
  14   1      }
  15          
  16          void Timer_Init()
  17          {
  18   1          TCON      = 0x40;
  19   1          TMOD      = 0x20;
  20   1          CKCON     = 0x08;
  21   1          TH1       = 0x96;
  22   1      }
  23          
  24          void UART_Init()
  25          {
  26   1          SCON0     = 0x10;
  27   1      }
  28          
  29          void DAC_Init()
  30          {
  31   1          IDA0CN    = 0xF7;
  32   1      }
  33          
  34          void Port_IO_Init()
  35          {
  36   1          // P0.0  -  Skipped,     Open-Drain, Analog
  37   1          // P0.1  -  Skipped,     Open-Drain, Analog
  38   1          // P0.2  -  Unassigned,  Open-Drain, Digital
  39   1          // P0.3  -  Unassigned,  Open-Drain, Digital
  40   1          // P0.4  -  TX0 (UART0), Push-Pull,  Digital
  41   1          // P0.5  -  RX0 (UART0), Open-Drain, Digital
  42   1          // P0.6  -  Unassigned,  Open-Drain, Digital
  43   1          // P0.7  -  Unassigned,  Open-Drain, Digital
  44   1      
  45   1          // P1.0  -  Skipped,     Open-Drain, Analog
  46   1          // P1.1  -  Skipped,     Open-Drain, Analog
  47   1          // P1.2  -  Skipped,     Open-Drain, Analog
  48   1          // P1.3  -  Skipped,     Open-Drain, Digital
  49   1          // P1.4  -  Unassigned,  Open-Drain, Digital
  50   1          // P1.5  -  Unassigned,  Open-Drain, Digital
  51   1          // P1.6  -  Unassigned,  Open-Drain, Digital
  52   1          // P1.7  -  Unassigned,  Open-Drain, Digital
  53   1      
  54   1          // P2.0  -  Unassigned,  Open-Drain, Digital
C51 COMPILER V9.59.0.0   CONFIG                                                            12/08/2022 22:38:43 PAGE 2   

  55   1          // P2.1  -  Unassigned,  Open-Drain, Digital
  56   1          // P2.2  -  Unassigned,  Open-Drain, Digital
  57   1          // P2.3  -  Unassigned,  Open-Drain, Digital
  58   1          // P2.4  -  Unassigned,  Open-Drain, Digital
  59   1          // P2.5  -  Unassigned,  Open-Drain, Digital
  60   1          // P2.6  -  Unassigned,  Open-Drain, Digital
  61   1          // P2.7  -  Unassigned,  Open-Drain, Digital
  62   1      
  63   1          P0MDIN    = 0xFC;
  64   1          P1MDIN    = 0xF8;
  65   1          P0MDOUT   = 0x10;
  66   1          P0SKIP    = 0x03;
  67   1          P1SKIP    = 0x0F;
  68   1          XBR0      = 0x01;
  69   1          XBR1      = 0x40;
  70   1      }
  71          
  72          void Oscillator_Init()
  73          {
  74   1          OSCICN    = 0x87;
  75   1      }
  76          
  77          // Initialization function for device,
  78          // Call Init_Device() from your main program
  79          void Init_Device(void)
  80          {
  81   1          PCA_Init();
  82   1          Timer_Init();
  83   1          UART_Init();
  84   1          DAC_Init();
  85   1          Port_IO_Init();
  86   1          Oscillator_Init();
  87   1      }


MODULE INFORMATION:   STATIC OVERLAYABLE
   CODE SIZE        =     72    ----
   CONSTANT SIZE    =   ----    ----
   XDATA SIZE       =   ----    ----
   PDATA SIZE       =   ----    ----
   DATA SIZE        =   ----    ----
   IDATA SIZE       =   ----    ----
   BIT SIZE         =   ----    ----
END OF MODULE INFORMATION.


C51 COMPILATION COMPLETE.  0 WARNING(S),  0 ERROR(S)
