C51 COMPILER V9.60.0.0   MAIN                                                              11/15/2022 12:13:43 PAGE 1   


C51 COMPILER V9.60.0.0, COMPILATION OF MODULE MAIN
OBJECT MODULE PLACED IN .\Objects\main.obj
COMPILER INVOKED BY: C:\Keil_v5\C51\BIN\C51.EXE main.c OPTIMIZE(8,SPEED) BROWSE INCDIR(C:\Silabs\MCU\INC) DEBUG OBJECTEX
                    -TEND PRINT(.\Listings\main.lst) TABS(2) OBJECT(.\Objects\main.obj)

line level    source

   1          #include "C8051F330.h"
   2          #include "stdio.h"
   3          
   4          sbit SDA = P0^2;
   5          sbit SCL = P0^3;
   6          
   7          extern void Init_Device();
   8          extern float Citaj_Teplotu(void);
   9          extern void DelayUs(unsigned int us);
  10          unsigned int i;
  11          
  12          void main (void) 
  13          {
  14   1        SDA = SCL = 1;        //Inicializacia komunikacnych vodicov
  15   1        Init_Device();
  16   1        TI0 = 1;
  17   1        
  18   1        while(1)    
  19   1        {
  20   2          printf("%.01f st C\n", Citaj_Teplotu());
  21   2          for (i= 0; i < 1000; i++)
  22   2          DelayUs(1000);
  23   2        }
  24   1      }
  25          


MODULE INFORMATION:   STATIC OVERLAYABLE
   CODE SIZE        =     60    ----
   CONSTANT SIZE    =     12    ----
   XDATA SIZE       =   ----    ----
   PDATA SIZE       =   ----    ----
   DATA SIZE        =      2    ----
   IDATA SIZE       =   ----    ----
   BIT SIZE         =   ----    ----
END OF MODULE INFORMATION.


C51 COMPILATION COMPLETE.  0 WARNING(S),  0 ERROR(S)
