C51 COMPILER V9.60.0.0   UNTITLED                                                          11/15/2022 12:13:43 PAGE 1   


C51 COMPILER V9.60.0.0, COMPILATION OF MODULE UNTITLED
OBJECT MODULE PLACED IN .\Objects\Untitled.obj
COMPILER INVOKED BY: C:\Keil_v5\C51\BIN\C51.EXE Untitled.c OPTIMIZE(8,SPEED) BROWSE INCDIR(C:\Silabs\MCU\INC) DEBUG OBJE
                    -CTEXTEND PRINT(.\Listings\Untitled.lst) TABS(2) OBJECT(.\Objects\Untitled.obj)

line level    source

   1          /////////////////////////////////////
   2          //  Generated Initialization File  //
   3          /////////////////////////////////////
   4          
   5          #include "compiler_defs.h"
   6          #include "C8051F330_defs.h"
   7          
   8          // Peripheral specific initialization functions,
   9          // Called from the Init_Device() function
  10          void PCA_Init()
  11          {
  12   1          PCA0MD    &= ~0x40;
  13   1          PCA0MD    = 0x00;
  14   1      }
  15          
  16          void Timer_Init()
  17          {
  18   1          TCON      = 0x40;
  19   1          TMOD      = 0x20;
  20   1          CKCON     = 0x18;
  21   1          TH1       = 0xCB;
  22   1          TMR2CN    = 0x04;
  23   1          TMR2RLL   = 0xF3;
  24   1          TMR2RLH   = 0xFF;
  25   1      }
  26          
  27          void UART_Init()
  28          {
  29   1          SCON0     = 0x10;
  30   1      }
  31          
  32          void Port_IO_Init()
  33          {
  34   1          // P0.0  -  Unassigned,  Open-Drain, Digital
  35   1          // P0.1  -  Unassigned,  Open-Drain, Digital
  36   1          // P0.2  -  Skipped,     Open-Drain, Digital
  37   1          // P0.3  -  Skipped,     Open-Drain, Digital
  38   1          // P0.4  -  TX0 (UART0), Push-Pull,  Digital
  39   1          // P0.5  -  RX0 (UART0), Open-Drain, Digital
  40   1          // P0.6  -  Unassigned,  Open-Drain, Digital
  41   1          // P0.7  -  Unassigned,  Open-Drain, Digital
  42   1      
  43   1          // P1.0  -  Unassigned,  Open-Drain, Digital
  44   1          // P1.1  -  Unassigned,  Open-Drain, Digital
  45   1          // P1.2  -  Unassigned,  Open-Drain, Digital
  46   1          // P1.3  -  Unassigned,  Open-Drain, Digital
  47   1          // P1.4  -  Unassigned,  Open-Drain, Digital
  48   1          // P1.5  -  Unassigned,  Open-Drain, Digital
  49   1          // P1.6  -  Unassigned,  Open-Drain, Digital
  50   1          // P1.7  -  Unassigned,  Open-Drain, Digital
  51   1      
  52   1          P0MDOUT   = 0x10;
  53   1          P0SKIP    = 0x0C;
  54   1          XBR0      = 0x01;
C51 COMPILER V9.60.0.0   UNTITLED                                                          11/15/2022 12:13:43 PAGE 2   

  55   1          XBR1      = 0x40;
  56   1      }
  57          
  58          void Oscillator_Init()
  59          {
  60   1          OSCICN    = 0x82;
  61   1      }
  62          
  63          // Initialization function for device,
  64          // Call Init_Device() from your main program
  65          void Init_Device(void)
  66          {
  67   1          PCA_Init();
  68   1          Timer_Init();
  69   1          UART_Init();
  70   1          Port_IO_Init();
  71   1          Oscillator_Init();
  72   1      }


MODULE INFORMATION:   STATIC OVERLAYABLE
   CODE SIZE        =     65    ----
   CONSTANT SIZE    =   ----    ----
   XDATA SIZE       =   ----    ----
   PDATA SIZE       =   ----    ----
   DATA SIZE        =   ----    ----
   IDATA SIZE       =   ----    ----
   BIT SIZE         =   ----    ----
END OF MODULE INFORMATION.


C51 COMPILATION COMPLETE.  0 WARNING(S),  0 ERROR(S)
