C51 COMPILER V9.59.0.0   CONFIG                                                            10/04/2022 10:26:42 PAGE 1   


C51 COMPILER V9.59.0.0, COMPILATION OF MODULE CONFIG
OBJECT MODULE PLACED IN .\Objects\config.obj
COMPILER INVOKED BY: C:\Keil_v5\C51\BIN\C51.EXE config.c OPTIMIZE(8,SPEED) BROWSE INCDIR(C:\Keil_v5\C51\INC\SiLABS;C:\Si
                    -Labs\MCU\INC) DEBUG OBJECTEXTEND PRINT(.\Listings\config.lst) TABS(2) OBJECT(.\Objects\config.obj)

line level    source

   1          /////////////////////////////////////
   2          //  Generated Initialization File  //
   3          /////////////////////////////////////
   4          
   5          #include "si_toolchain.h"
   6          #include "C8051F330_defs.h"
   7          
   8          // Peripheral specific initialization functions,
   9          // Called from the Init_Device() function
  10          void PCA_Init()
  11          {
  12   1          PCA0MD    &= ~0x40;
  13   1          PCA0MD    = 0x00;
  14   1      }
  15          
  16          void Timer_Init()
  17          {
  18   1          TCON      = 0x40;
  19   1          TMOD      = 0x20;
  20   1          CKCON     = 0x08;
  21   1          TH1       = 0xE0;
  22   1      }
  23          
  24          void UART_Init()
  25          {
  26   1          SCON0     = 0x10;
  27   1      }
  28          
  29          void Port_IO_Init()
  30          {
  31   1          // P0.0  -  Unassigned,  Open-Drain, Digital
  32   1          // P0.1  -  Unassigned,  Open-Drain, Digital
  33   1          // P0.2  -  Unassigned,  Open-Drain, Digital
  34   1          // P0.3  -  Unassigned,  Open-Drain, Digital
  35   1          // P0.4  -  TX0 (UART0), Push-Pull,  Digital
  36   1          // P0.5  -  RX0 (UART0), Open-Drain, Digital
  37   1          // P0.6  -  Unassigned,  Open-Drain, Digital
  38   1          // P0.7  -  Unassigned,  Open-Drain, Digital
  39   1      
  40   1          // P1.0  -  Unassigned,  Open-Drain, Digital
  41   1          // P1.1  -  Unassigned,  Open-Drain, Digital
  42   1          // P1.2  -  Unassigned,  Open-Drain, Digital
  43   1          // P1.3  -  Unassigned,  Open-Drain, Digital
  44   1          // P1.4  -  Unassigned,  Open-Drain, Digital
  45   1          // P1.5  -  Unassigned,  Open-Drain, Digital
  46   1          // P1.6  -  Unassigned,  Open-Drain, Digital
  47   1          // P1.7  -  Unassigned,  Open-Drain, Digital
  48   1      
  49   1          P0MDOUT   = 0x10;
  50   1          XBR0      = 0x01;
  51   1          XBR1      = 0x40;
  52   1      }
  53          
  54          void Oscillator_Init()
C51 COMPILER V9.59.0.0   CONFIG                                                            10/04/2022 10:26:42 PAGE 2   

  55          {
  56   1          OSCICN    = 0x82;
  57   1      }
  58          
  59          // Initialization function for device,
  60          // Call Init_Device() from your main program
  61          void Init_Device(void)
  62          {
  63   1          PCA_Init();
  64   1          Timer_Init();
  65   1          UART_Init();
  66   1          Port_IO_Init();
  67   1          Oscillator_Init();
  68   1      }


MODULE INFORMATION:   STATIC OVERLAYABLE
   CODE SIZE        =     53    ----
   CONSTANT SIZE    =   ----    ----
   XDATA SIZE       =   ----    ----
   PDATA SIZE       =   ----    ----
   DATA SIZE        =   ----    ----
   IDATA SIZE       =   ----    ----
   BIT SIZE         =   ----    ----
END OF MODULE INFORMATION.


C51 COMPILATION COMPLETE.  0 WARNING(S),  0 ERROR(S)
