C51 COMPILER V9.59.0.0   CONFIG                                                            10/25/2022 11:33:35 PAGE 1   


C51 COMPILER V9.59.0.0, COMPILATION OF MODULE CONFIG
OBJECT MODULE PLACED IN .\Objects\config.obj
COMPILER INVOKED BY: C:\Keil_v5\C51\BIN\C51.EXE config.c OPTIMIZE(8,SPEED) BROWSE INCDIR(C:\Keil_v5\C51\INC\SiLABS;C:\Si
                    -Labs\MCU\INC) DEBUG OBJECTEXTEND PRINT(.\Listings\config.lst) TABS(2) OBJECT(.\Objects\config.obj)

line level    source

   1          /////////////////////////////////////
   2          //  Generated Initialization File  //
   3          /////////////////////////////////////
   4          
   5          #include "si_toolchain.h"
   6          #include "C8051F330_defs.h"
   7          
   8          // Peripheral specific initialization functions,
   9          // Called from the Init_Device() function
  10          void PCA_Init()
  11          {
  12   1          PCA0MD    &= ~0x40;
  13   1          PCA0MD    = 0x00;
  14   1      }
  15          
  16          void Timer_Init()
  17          {
  18   1          TCON      = 0x40;
  19   1          TMOD      = 0x20;
  20   1          CKCON     = 0x08;
  21   1          TH1       = 0x96;
  22   1      }
  23          
  24          void UART_Init()
  25          {
  26   1          SCON0     = 0x10;
  27   1      }
  28          
  29          void ADC_Init()
  30          {
  31   1          ADC0CF    = 0x48;
  32   1          ADC0CN    = 0x80;
  33   1      }
  34          
  35          void DAC_Init()
  36          {
  37   1          IDA0CN    = 0xF2;
  38   1      }
  39          
  40          void Voltage_Reference_Init()
  41          {
  42   1          REF0CN    = 0x07;
  43   1      }
  44          
  45          void Port_IO_Init()
  46          {
  47   1          // P0.0  -  Skipped,     Open-Drain, Analog
  48   1          // P0.1  -  Skipped,     Open-Drain, Analog
  49   1          // P0.2  -  Unassigned,  Open-Drain, Digital
  50   1          // P0.3  -  Unassigned,  Open-Drain, Digital
  51   1          // P0.4  -  TX0 (UART0), Push-Pull,  Digital
  52   1          // P0.5  -  RX0 (UART0), Open-Drain, Digital
  53   1          // P0.6  -  Unassigned,  Open-Drain, Digital
  54   1          // P0.7  -  Unassigned,  Open-Drain, Digital
C51 COMPILER V9.59.0.0   CONFIG                                                            10/25/2022 11:33:35 PAGE 2   

  55   1      
  56   1          // P1.0  -  Skipped,     Open-Drain, Analog
  57   1          // P1.1  -  Skipped,     Open-Drain, Analog
  58   1          // P1.2  -  Skipped,     Open-Drain, Analog
  59   1          // P1.3  -  Skipped,     Open-Drain, Digital
  60   1          // P1.4  -  Unassigned,  Open-Drain, Digital
  61   1          // P1.5  -  Unassigned,  Open-Drain, Digital
  62   1          // P1.6  -  Unassigned,  Open-Drain, Digital
  63   1          // P1.7  -  Unassigned,  Open-Drain, Digital
  64   1      
  65   1          P0MDIN    = 0xFC;
  66   1          P1MDIN    = 0xF8;
  67   1          P0MDOUT   = 0x10;
  68   1          P0SKIP    = 0x03;
  69   1          P1SKIP    = 0x0F;
  70   1          XBR0      = 0x01;
  71   1          XBR1      = 0x40;
  72   1      }
  73          
  74          void Oscillator_Init()
  75          {
  76   1          OSCICN    = 0x83;
  77   1      }
  78          
  79          // Initialization function for device,
  80          // Call Init_Device() from your main program
  81          void Init_Device(void)
  82          {
  83   1          PCA_Init();
  84   1          Timer_Init();
  85   1          UART_Init();
  86   1          ADC_Init();
  87   1          DAC_Init();
  88   1          Voltage_Reference_Init();
  89   1          Port_IO_Init();
  90   1          Oscillator_Init();
  91   1      }


MODULE INFORMATION:   STATIC OVERLAYABLE
   CODE SIZE        =     89    ----
   CONSTANT SIZE    =   ----    ----
   XDATA SIZE       =   ----    ----
   PDATA SIZE       =   ----    ----
   DATA SIZE        =   ----    ----
   IDATA SIZE       =   ----    ----
   BIT SIZE         =   ----    ----
END OF MODULE INFORMATION.


C51 COMPILATION COMPLETE.  0 WARNING(S),  0 ERROR(S)
