C51 COMPILER V9.59.0.0   CONFIG                                                            11/08/2022 11:37:07 PAGE 1   


C51 COMPILER V9.59.0.0, COMPILATION OF MODULE CONFIG
OBJECT MODULE PLACED IN .\Objects\config.obj
COMPILER INVOKED BY: C:\Keil_v5\C51\BIN\C51.EXE config.c OPTIMIZE(8,SPEED) BROWSE INCDIR(C:\Keil_v5\C51\INC\SiLABS;C:\Si
                    -Labs\MCU\INC) DEBUG OBJECTEXTEND PRINT(.\Listings\config.lst) TABS(2) OBJECT(.\Objects\config.obj)

line level    source

   1          /////////////////////////////////////
   2          //  Generated Initialization File  //
   3          /////////////////////////////////////
   4          
   5          #include "si_toolchain.h"
   6          #include "C8051F330_defs.h"
   7          
   8          // Peripheral specific initialization functions,
   9          // Called from the Init_Device() function
  10          void PCA_Init()
  11          {
  12   1          PCA0MD    &= ~0x40;
  13   1          PCA0MD    = 0x00;
  14   1      }
  15          
  16          void Timer_Init()
  17          {
  18   1          TCON      = 0x40;
  19   1          TMOD      = 0x20;
  20   1          CKCON     = 0x08;
  21   1          TH1       = 0x96;
  22   1          TMR3CN    = 0x04;
  23   1          TMR3RLL   = 0x3E;
  24   1          TMR3RLH   = 0xB0;
  25   1      }
  26          
  27          void UART_Init()
  28          {
  29   1          SCON0     = 0x10;
  30   1      }
  31          
  32          void Port_IO_Init()
  33          {
  34   1          // P0.0  -  Skipped,     Push-Pull,  Digital
  35   1          // P0.1  -  Unassigned,  Open-Drain, Digital
  36   1          // P0.2  -  Unassigned,  Open-Drain, Digital
  37   1          // P0.3  -  Unassigned,  Open-Drain, Digital
  38   1          // P0.4  -  TX0 (UART0), Open-Drain, Digital
  39   1          // P0.5  -  RX0 (UART0), Open-Drain, Digital
  40   1          // P0.6  -  Unassigned,  Open-Drain, Digital
  41   1          // P0.7  -  Unassigned,  Open-Drain, Digital
  42   1      
  43   1          // P1.0  -  Unassigned,  Open-Drain, Digital
  44   1          // P1.1  -  Unassigned,  Open-Drain, Digital
  45   1          // P1.2  -  Unassigned,  Open-Drain, Digital
  46   1          // P1.3  -  Unassigned,  Open-Drain, Digital
  47   1          // P1.4  -  Unassigned,  Open-Drain, Digital
  48   1          // P1.5  -  Unassigned,  Open-Drain, Digital
  49   1          // P1.6  -  Unassigned,  Open-Drain, Digital
  50   1          // P1.7  -  Unassigned,  Open-Drain, Digital
  51   1      
  52   1          P0MDOUT   = 0x01;
  53   1          P0SKIP    = 0x01;
  54   1          XBR0      = 0x01;
C51 COMPILER V9.59.0.0   CONFIG                                                            11/08/2022 11:37:07 PAGE 2   

  55   1          XBR1      = 0x40;
  56   1      }
  57          
  58          void Oscillator_Init()
  59          {
  60   1          OSCICN    = 0x83;
  61   1      }
  62          
  63          void Interrupts_Init()
  64          {
  65   1          IE        = 0x90;
  66   1          EIE1      = 0x80;
  67   1      }
  68          
  69          // Initialization function for device,
  70          // Call Init_Device() from your main program
  71          void Init_Device(void)
  72          {
  73   1          PCA_Init();
  74   1          Timer_Init();
  75   1          UART_Init();
  76   1          Port_IO_Init();
  77   1          Oscillator_Init();
  78   1          Interrupts_Init();
  79   1      }


MODULE INFORMATION:   STATIC OVERLAYABLE
   CODE SIZE        =     75    ----
   CONSTANT SIZE    =   ----    ----
   XDATA SIZE       =   ----    ----
   PDATA SIZE       =   ----    ----
   DATA SIZE        =   ----    ----
   IDATA SIZE       =   ----    ----
   BIT SIZE         =   ----    ----
END OF MODULE INFORMATION.


C51 COMPILATION COMPLETE.  0 WARNING(S),  0 ERROR(S)
